<?xml version="1.0" encoding="UTF-8"?>
<testsuite name="lib.play.scoring.ScoreTreeItemTest" tests="5" skipped="0" failures="0" errors="0" timestamp="2020-01-07T23:36:59" hostname="DESKTOP-AN6FANM" time="0.004">
  <properties/>
  <testcase name="matching plays are returned from scoring children()" classname="lib.play.scoring.ScoreTreeItemTest" time="0.002"/>
  <testcase name="single one matches rolls with single ones()" classname="lib.play.scoring.ScoreTreeItemTest" time="0.0"/>
  <testcase name="six dice straight only matches straight()" classname="lib.play.scoring.ScoreTreeItemTest" time="0.0"/>
  <testcase name="farkle matches any roll()" classname="lib.play.scoring.ScoreTreeItemTest" time="0.0"/>
  <testcase name="single five matches rolls with single fives()" classname="lib.play.scoring.ScoreTreeItemTest" time="0.0"/>
  <system-out><![CDATA[]]></system-out>
  <system-err><![CDATA[]]></system-err>
</testsuite>
