<?xml version="1.0" encoding="UTF-8"?>
<testsuite name="lib.roll.RollGeneratorTest" tests="2" skipped="0" failures="0" errors="0" timestamp="2020-01-07T23:36:59" hostname="DESKTOP-AN6FANM" time="0.013">
  <properties/>
  <testcase name="generate roll generates a valid roll object()" classname="lib.roll.RollGeneratorTest" time="0.012"/>
  <testcase name="generate dice value generates a valid value()" classname="lib.roll.RollGeneratorTest" time="0.0"/>
  <system-out><![CDATA[]]></system-out>
  <system-err><![CDATA[]]></system-err>
</testsuite>
